#
# A fatal error has been detected by the Java Runtime Environment:
#
#  SIGSEGV (0xb) at pc=0x000000010c169fc2, pid=89506, tid=0x0000000000000a0b
#
# JRE version: Java(TM) SE Runtime Environment (8.0_92-b14) (build 1.8.0_92-b14)
# Java VM: Java HotSpot(TM) 64-Bit Server VM (25.92-b14 mixed mode bsd-amd64 compressed oops)
# Problematic frame:
# V  [libjvm.dylib+0x169fc2]
#
# Failed to write core dump. Core dumps have been disabled. To enable core dumping, try "ulimit -c unlimited" before starting Java again
#
# If you would like to submit a bug report, please visit:
#   http://bugreport.java.com/bugreport/crash.jsp
#

---------------  T H R E A D  ---------------

Current thread is native thread

siginfo: si_signo: 11 (SIGSEGV), si_code: 1 (SEGV_MAPERR), si_addr: 0x0000000000000270

Registers:
RAX=0x0000000000000000, RBX=0x0000000000000000, RCX=0x000000010c313503, RDX=0x00007fe2b51d91f8
RSP=0x00007fff54850ac0, RBP=0x00007fff54850ad0, RSI=0x0000000000000006, RDI=0x00007fff54850b10
R8 =0x0000000000000000, R9 =0x0000000000000000, R10=0x00007fe2b8d2f080, R11=0x0000000124d12ea0
R12=0x00007fe2b51d91f8, R13=0x000000012ab47f20, R14=0x00007fe2b51d91f8, R15=0x0000000000000000
RIP=0x000000010c169fc2, EFLAGS=0x0000000000010246, ERR=0x0000000000000006
  TRAPNO=0x000000000000000e

Top of Stack: (sp=0x00007fff54850ac0)
0x00007fff54850ac0:   00007fe2b3e52608 00007fe2b51d91f8
0x00007fff54850ad0:   00007fff54850b30 000000010c313533
0x00007fff54850ae0:   2a003ba6e6d38707 0000000000000000
0x00007fff54850af0:   00007fe2b5d97200 00007fe2b8bea9d0
0x00007fff54850b00:   00007fff54850b30 000000012a7b36e9
0x00007fff54850b10:   0000000000000000 00007fe2b3defe00
0x00007fff54850b20:   00007fe2b5d97200 00007fe2b8bea9d0
0x00007fff54850b30:   00007fff54850b90 000000012a7138d5
0x00007fff54850b40:   2a003ba6e6d38707 0000000000000000
0x00007fff54850b50:   413cdc7293c0c434 00007fe2b8beb340
0x00007fff54850b60:   00007fff54850b90 00007fff9ce434c0
0x00007fff54850b70:   0000000000000000 000000012ab47f20
0x00007fff54850b80:   00007fe2b8bea9d0 00007fe2b8beb340
0x00007fff54850b90:   00007fff54850bf0 00007fff99c6278f
0x00007fff54850ba0:   0000024200000004 0000000000000000
0x00007fff54850bb0:   00007fe2b8bea9d0 0000000000000000
0x00007fff54850bc0:   413cdc7293c0c434 00007fff9ce434c0
0x00007fff54850bd0:   00007fe2b3d93080 00007fe2b8bea9d0
0x00007fff54850be0:   0000000000000004 0000000000000000
0x00007fff54850bf0:   00007fff54850c60 00007fff99c62339
0x00007fff54850c00:   3ff0000000000000 4089000000000000
0x00007fff54850c10:   4082100000000000 0000000000000000
0x00007fff54850c20:   0000000000000000 4089000000000000
0x00007fff54850c30:   4082100000000000 00007fff54850d40
0x00007fff54850c40:   000000012ab48f28 00007fff9cc566b2
0x00007fff54850c50:   0000000000000001 000000012ab48e80
0x00007fff54850c60:   00007fff54851d40 00007fff99c0649d
0x00007fff54850c70:   00007fff54851d40 00007fff99c0635f
0x00007fff54850c80:   0000000000000000 0000000000000000
0x00007fff54850c90:   000000012ab48f28 000000012ab48f28
0x00007fff54850ca0:   000000012ab48e80 0000000000000000
0x00007fff54850cb0:   00007fe2b525f400 00007fff54850c70 

Instructions: (pc=0x000000010c169fc2)
0x000000010c169fa2:   0e 48 8b 0b 49 8b 56 18 48 63 c0 48 89 0c c2 5b
0x000000010c169fb2:   41 5e 5d c3 90 90 55 48 89 e5 41 56 53 48 8b 1f
0x000000010c169fc2:   c7 83 70 02 00 00 05 00 00 00 48 8d 05 95 e1 77
0x000000010c169fd2:   00 8b 00 83 f8 01 41 89 f6 75 0c 48 8d 0d e2 4c 

Register to memory mapping:

RAX=0x0000000000000000 is an unknown value
RBX=0x0000000000000000 is an unknown value
RCX=0x000000010c313503: jni_NewLocalRef+0 in /Library/Java/JavaVirtualMachines/jdk1.8.0_92.jdk/Contents/Home/jre/lib/server/libjvm.dylib at 0x000000010c000000
RDX=0x00007fe2b51d91f8 is an unknown value
RSP=0x00007fff54850ac0 is an unknown value
RBP=0x00007fff54850ad0 is an unknown value
RSI=0x0000000000000006 is an unknown value
RDI=0x00007fff54850b10 is an unknown value
R8 =0x0000000000000000 is an unknown value
R9 =0x0000000000000000 is an unknown value
R10=0x00007fe2b8d2f080 is an unknown value
R11=0x0000000124d12ea0: OBJC_CLASS_$_JNFJObjectWrapper+0 in /System/Library/Frameworks/JavaVM.framework/Versions/A/Frameworks/JavaNativeFoundation.framework/Versions/A/JavaNativeFoundation at 0x0000000124d08000
R12=0x00007fe2b51d91f8 is an unknown value
R13=0x000000012ab47f20 is an unknown value
R14=0x00007fe2b51d91f8 is an unknown value
R15=0x0000000000000000 is an unknown value


Stack: [0x00007fff54056000,0x00007fff54856000],  sp=0x00007fff54850ac0,  free space=8170k
Native frames: (J=compiled Java code, j=interpreted, Vv=VM code, C=native code)
V  [libjvm.dylib+0x169fc2]
V  [libjvm.dylib+0x313533]
C  [libawt_lwawt.dylib+0x198d5]  -[CGLLayer drawInCGLContext:pixelFormat:forLayerTime:displayTime:]+0xee
C  [QuartzCore+0x6d78f]  _ZL17CAOpenGLLayerDrawP13CAOpenGLLayerdPK11CVTimeStampj+0x2ca
C  [QuartzCore+0x6d339]  -[CAOpenGLLayer _display]+0x160
C  [QuartzCore+0x1149d]  _ZN2CA5Layer17display_if_neededEPNS_11TransactionE+0x25b
C  [QuartzCore+0x10fc5]  _ZN2CA5Layer28layout_and_display_if_neededEPNS_11TransactionE+0x23
C  [QuartzCore+0x10499]  _ZN2CA7Context18commit_transactionEPNS_11TransactionE+0x115
C  [QuartzCore+0x100e4]  _ZN2CA11Transaction6commitEv+0x1fc
C  [QuartzCore+0x1b973]  _ZN2CA11Transaction17observer_callbackEP19__CFRunLoopObservermPv+0x47
C  [CoreFoundation+0xa9fc7]  __CFRUNLOOP_IS_CALLING_OUT_TO_AN_OBSERVER_CALLBACK_FUNCTION__+0x17
C  [CoreFoundation+0xa9f37]  __CFRunLoopDoObservers+0x187
C  [CoreFoundation+0x8952a]  __CFRunLoopRun+0x49a
C  [CoreFoundation+0x88e28]  CFRunLoopRunSpecific+0x128
C  [java+0x6465]  CreateExecutionEnvironment+0x367
C  [java+0x218c]  JLI_Launch+0x7a0
C  [java+0x84c2]  main+0x65
C  [java+0x19e4]  start+0x34


---------------  P R O C E S S  ---------------

VM state:not at safepoint (normal execution)

VM Mutex/Monitor currently owned by a thread: None

Heap:
 PSYoungGen      total 57344K, used 38843K [0x0000000780000000, 0x0000000787000000, 0x00000007c0000000)
  eden space 49152K, 79% used [0x0000000780000000,0x00000007825eee90,0x0000000783000000)
  from space 8192K, 0% used [0x0000000783800000,0x0000000783800000,0x0000000784000000)
  to   space 8192K, 0% used [0x0000000783000000,0x0000000783000000,0x0000000783800000)
 ParOldGen       total 96768K, used 14849K [0x0000000700000000, 0x0000000705e80000, 0x0000000780000000)
  object space 96768K, 15% used [0x0000000700000000,0x0000000700e80478,0x0000000705e80000)
 Metaspace       used 29269K, capacity 29956K, committed 30208K, reserved 1075200K
  class space    used 4043K, capacity 4225K, committed 4352K, reserved 1048576K

Card table byte_map: [0x000000011c357000,0x000000011c958000] byte_map_base: 0x0000000118b57000

Marking Bits: (ParMarkBitMap*) 0x000000010c8e8bd0
 Begin Bits: [0x000000011cd58000, 0x000000011fd58000)
 End Bits:   [0x000000011fd58000, 0x0000000122d58000)

Polling page: 0x000000010b66d000

CodeCache: size=245760Kb used=6389Kb max_used=6401Kb free=239370Kb
 bounds [0x000000010cf97000, 0x000000010d5e7000, 0x000000011bf97000]
 total_blobs=2934 nmethods=2067 adapters=780
 compilation: enabled

Compilation events (10 events):
Event: 16.098 Thread 0x00007fe2b501f000 2048       3       java.lang.invoke.MethodHandleNatives::refKindHasReceiver (33 bytes)
Event: 16.098 Thread 0x00007fe2b501f000 nmethod 2048 0x000000010d5d1ad0 code [0x000000010d5d1c40, 0x000000010d5d1df0]
Event: 16.106 Thread 0x00007fe2b501f000 2049       3       java.awt.Rectangle::setBounds (10 bytes)
Event: 16.107 Thread 0x00007fe2b501f000 nmethod 2049 0x000000010d5d1e50 code [0x000000010d5d1fc0, 0x000000010d5d2190]
Event: 16.107 Thread 0x00007fe2b501f000 2051       3       jdk.internal.org.objectweb.asm.AnnotationVisitor::<init> (35 bytes)
Event: 16.107 Thread 0x00007fe2b501f000 nmethod 2051 0x000000010d5d2250 code [0x000000010d5d23e0, 0x000000010d5d26e8]
Event: 16.107 Thread 0x00007fe2b501f000 2050       3       java.awt.Rectangle::reshape (22 bytes)
Event: 16.107 Thread 0x00007fe2b501f000 nmethod 2050 0x000000010d5d2810 code [0x000000010d5d2960, 0x000000010d5d2ad0]
Event: 16.107 Thread 0x00007fe2b501f000 2052       1       java.awt.image.ColorModel::getTransparency (5 bytes)
Event: 16.107 Thread 0x00007fe2b501f000 nmethod 2052 0x000000010d5d2b50 code [0x000000010d5d2ca0, 0x000000010d5d2db0]

GC Heap History (6 events):
Event: 1.191 GC heap before
{Heap before GC invocations=1 (full 0):
 PSYoungGen      total 57344K, used 49152K [0x0000000780000000, 0x0000000784000000, 0x00000007c0000000)
  eden space 49152K, 100% used [0x0000000780000000,0x0000000783000000,0x0000000783000000)
  from space 8192K, 0% used [0x0000000783800000,0x0000000783800000,0x0000000784000000)
  to   space 8192K, 0% used [0x0000000783000000,0x0000000783000000,0x0000000783800000)
 ParOldGen       total 131072K, used 0K [0x0000000700000000, 0x0000000708000000, 0x0000000780000000)
  object space 131072K, 0% used [0x0000000700000000,0x0000000700000000,0x0000000708000000)
 Metaspace       used 15227K, capacity 15706K, committed 15744K, reserved 1062912K
  class space    used 2050K, capacity 2171K, committed 2176K, reserved 1048576K
Event: 1.201 GC heap after
Heap after GC invocations=1 (full 0):
 PSYoungGen      total 57344K, used 8187K [0x0000000780000000, 0x0000000784000000, 0x00000007c0000000)
  eden space 49152K, 0% used [0x0000000780000000,0x0000000780000000,0x0000000783000000)
  from space 8192K, 99% used [0x0000000783000000,0x00000007837fee90,0x0000000783800000)
  to   space 8192K, 0% used [0x0000000783800000,0x0000000783800000,0x0000000784000000)
 ParOldGen       total 131072K, used 7516K [0x0000000700000000, 0x0000000708000000, 0x0000000780000000)
  object space 131072K, 5% used [0x0000000700000000,0x0000000700757020,0x0000000708000000)
 Metaspace       used 15227K, capacity 15706K, committed 15744K, reserved 1062912K
  class space    used 2050K, capacity 2171K, committed 2176K, reserved 1048576K
}
Event: 1.658 GC heap before
{Heap before GC invocations=2 (full 0):
 PSYoungGen      total 57344K, used 26538K [0x0000000780000000, 0x0000000784000000, 0x00000007c0000000)
  eden space 49152K, 37% used [0x0000000780000000,0x00000007811eba60,0x0000000783000000)
  from space 8192K, 99% used [0x0000000783000000,0x00000007837fee90,0x0000000783800000)
  to   space 8192K, 0% used [0x0000000783800000,0x0000000783800000,0x0000000784000000)
 ParOldGen       total 131072K, used 7516K [0x0000000700000000, 0x0000000708000000, 0x0000000780000000)
  object space 131072K, 5% used [0x0000000700000000,0x0000000700757020,0x0000000708000000)
 Metaspace       used 20585K, capacity 21128K, committed 21248K, reserved 1067008K
  class space    used 2837K, capacity 2984K, committed 3072K, reserved 1048576K
Event: 1.667 GC heap after
Heap after GC invocations=2 (full 0):
 PSYoungGen      total 57344K, used 8171K [0x0000000780000000, 0x0000000787000000, 0x00000007c0000000)
  eden space 49152K, 0% used [0x0000000780000000,0x0000000780000000,0x0000000783000000)
  from space 8192K, 99% used [0x0000000783800000,0x0000000783ffae80,0x0000000784000000)
  to   space 8192K, 0% used [0x0000000783000000,0x0000000783000000,0x0000000783800000)
 ParOldGen       total 131072K, used 12782K [0x0000000700000000, 0x0000000708000000, 0x0000000780000000)
  object space 131072K, 9% used [0x0000000700000000,0x0000000700c7ba28,0x0000000708000000)
 Metaspace       used 20585K, capacity 21128K, committed 21248K, reserved 1067008K
  class space    used 2837K, capacity 2984K, committed 3072K, reserved 1048576K
}
Event: 1.667 GC heap before
{Heap before GC invocations=3 (full 1):
 PSYoungGen      total 57344K, used 8171K [0x0000000780000000, 0x0000000787000000, 0x00000007c0000000)
  eden space 49152K, 0% used [0x0000000780000000,0x0000000780000000,0x0000000783000000)
  from space 8192K, 99% used [0x0000000783800000,0x0000000783ffae80,0x0000000784000000)
  to   space 8192K, 0% used [0x0000000783000000,0x0000000783000000,0x0000000783800000)
 ParOldGen       total 131072K, used 12782K [0x0000000700000000, 0x0000000708000000, 0x0000000780000000)
  object space 131072K, 9% used [0x0000000700000000,0x0000000700c7ba28,0x0000000708000000)
 Metaspace       used 20585K, capacity 21128K, committed 21248K, reserved 1067008K
  class space    used 2837K, capacity 2984K, committed 3072K, reserved 1048576K
Event: 1.690 GC heap after
Heap after GC invocations=3 (full 1):
 PSYoungGen      total 57344K, used 0K [0x0000000780000000, 0x0000000787000000, 0x00000007c0000000)
  eden space 49152K, 0% used [0x0000000780000000,0x0000000780000000,0x0000000783000000)
  from space 8192K, 0% used [0x0000000783800000,0x0000000783800000,0x0000000784000000)
  to   space 8192K, 0% used [0x0000000783000000,0x0000000783000000,0x0000000783800000)
 ParOldGen       total 96768K, used 14849K [0x0000000700000000, 0x0000000705e80000, 0x0000000780000000)
  object space 96768K, 15% used [0x0000000700000000,0x0000000700e80478,0x0000000705e80000)
 Metaspace       used 20585K, capacity 21128K, committed 21248K, reserved 1067008K
  class space    used 2837K, capacity 2984K, committed 3072K, reserved 1048576K
}

Deoptimization events (10 events):
Event: 1.473 Thread 0x00007fe2b51d9000 Uncommon trap: reason=unstable_if action=reinterpret pc=0x000000010d2948f4 method=java.lang.String.startsWith(Ljava/lang/String;I)Z @ 25
Event: 1.473 Thread 0x00007fe2b51d9000 Uncommon trap: reason=unstable_if action=reinterpret pc=0x000000010d1598e0 method=java.lang.String.startsWith(Ljava/lang/String;I)Z @ 25
Event: 1.777 Thread 0x00007fe2b5322800 Uncommon trap: reason=unstable_if action=reinterpret pc=0x000000010d236b2c method=java.lang.AbstractStringBuilder.append(Ljava/lang/String;)Ljava/lang/AbstractStringBuilder; @ 1
Event: 1.778 Thread 0x00007fe2b5322800 Uncommon trap: reason=unstable_if action=reinterpret pc=0x000000010d19ed20 method=java.lang.AbstractStringBuilder.append(Ljava/lang/String;)Ljava/lang/AbstractStringBuilder; @ 1
Event: 1.826 Thread 0x00007fe2b5322800 Uncommon trap: reason=unstable_if action=reinterpret pc=0x000000010d2f606c method=java.lang.ClassLoader.checkName(Ljava/lang/String;)Z @ 20
Event: 1.830 Thread 0x00007fe2b4d76000 Uncommon trap: reason=unstable_if action=reinterpret pc=0x000000010d334b80 method=java.io.BufferedInputStream.fill()V @ 219
Event: 2.686 Thread 0x00007fe2b5322800 Uncommon trap: reason=unstable_if action=reinterpret pc=0x000000010d37fd78 method=java.util.HashMap.getNode(ILjava/lang/Object;)Ljava/util/HashMap$Node; @ 53
Event: 3.345 Thread 0x00007fe2b5e28800 Uncommon trap: reason=unstable_if action=reinterpret pc=0x000000010d3439f4 method=java.lang.String.lastIndexOf([CII[CIII)I @ 66
Event: 3.406 Thread 0x00007fe2b5e28800 Uncommon trap: reason=class_check action=maybe_recompile pc=0x000000010d2a9f2c method=java.util.HashMap.putVal(ILjava/lang/Object;Ljava/lang/Object;ZZ)Ljava/lang/Object; @ 253
Event: 7.029 Thread 0x00007fe2b51d9000 Uncommon trap: reason=unstable_if action=reinterpret pc=0x000000010d345304 method=jdk.internal.org.objectweb.asm.Type.getArgumentsAndReturnSizes(Ljava/lang/String;)I @ 47

Internal exceptions (10 events):
Event: 1.778 Thread 0x00007fe2b5322800 Implicit null exception at 0x000000010d19e9b5 to 0x000000010d19ed0d
Event: 1.808 Thread 0x00007fe2b5322800 Exception <a 'java/lang/ClassNotFoundException': java/lang/ObjectCustomizer> (0x000000078050d568) thrown at [/Users/java_re/workspace/8-2-build-macosx-x86_64/jdk8u92/6642/hotspot/src/share/vm/classfile/systemDictionary.cpp, line 210]
Event: 1.810 Thread 0x00007fe2b5322800 Exception <a 'java/lang/ArrayIndexOutOfBoundsException': 18> (0x000000078050fc60) thrown at [/Users/java_re/workspace/8-2-build-macosx-x86_64/jdk8u92/6642/hotspot/src/share/vm/interpreter/interpreterRuntime.cpp, line 366]
Event: 1.811 Thread 0x00007fe2b5322800 Exception <a 'java/lang/ArrayIndexOutOfBoundsException': 22> (0x0000000780512fa8) thrown at [/Users/java_re/workspace/8-2-build-macosx-x86_64/jdk8u92/6642/hotspot/src/share/vm/interpreter/interpreterRuntime.cpp, line 366]
Event: 1.811 Thread 0x00007fe2b5322800 Exception <a 'java/lang/ArrayIndexOutOfBoundsException': 160> (0x0000000780515380) thrown at [/Users/java_re/workspace/8-2-build-macosx-x86_64/jdk8u92/6642/hotspot/src/share/vm/interpreter/interpreterRuntime.cpp, line 366]
Event: 1.813 Thread 0x00007fe2b5322800 Exception <a 'java/lang/ClassNotFoundException': net/miginfocom/layout/UnitValueCustomizer> (0x0000000780525f98) thrown at [/Users/java_re/workspace/8-2-build-macosx-x86_64/jdk8u92/6642/hotspot/src/share/vm/classfile/systemDictionary.cpp, line 210]
Event: 1.815 Thread 0x00007fe2b5322800 Exception <a 'java/lang/ClassNotFoundException': java/lang/ObjectCustomizer> (0x00000007805522b8) thrown at [/Users/java_re/workspace/8-2-build-macosx-x86_64/jdk8u92/6642/hotspot/src/share/vm/classfile/systemDictionary.cpp, line 210]
Event: 1.816 Thread 0x00007fe2b5322800 Exception <a 'java/lang/ClassNotFoundException': net/miginfocom/layout/BoundSizeCustomizer> (0x0000000780564948) thrown at [/Users/java_re/workspace/8-2-build-macosx-x86_64/jdk8u92/6642/hotspot/src/share/vm/classfile/systemDictionary.cpp, line 210]
Event: 1.863 Thread 0x00007fe2b4d76000 Exception <a 'java/lang/InterruptedException': sleep interrupted> (0x00000007806da8a0) thrown at [/Users/java_re/workspace/8-2-build-macosx-x86_64/jdk8u92/6642/hotspot/src/share/vm/prims/jvm.cpp, line 3167]
Event: 3.588 Thread 0x00007fe2b4d76000 Exception <a 'java/lang/InterruptedException': sleep interrupted> (0x00000007806f18e8) thrown at [/Users/java_re/workspace/8-2-build-macosx-x86_64/jdk8u92/6642/hotspot/src/share/vm/prims/jvm.cpp, line 3167]

Events (10 events):
Event: 16.098 loading class javafx/application/Application done
Event: 16.108 loading class com/sun/javafx/tk/quantum/QuantumRenderer
Event: 16.108 loading class com/sun/javafx/tk/quantum/QuantumRenderer done
Event: 16.108 loading class com/sun/javafx/tk/quantum/QuantumToolkit
Event: 16.108 loading class com/sun/javafx/tk/quantum/QuantumToolkit done
Event: 16.108 Thread 0x00007fe2b40a4000 Thread exited: 0x00007fe2b40a4000
Event: 16.109 Thread 0x00007fe2b523f800 Thread exited: 0x00007fe2b523f800
Event: 16.109 Thread 0x00007fe2b5002000 Thread exited: 0x00007fe2b5002000
Event: 16.109 Thread 0x00007fe2b404c800 Thread added: 0x00007fe2b404c800
Event: 16.109 Thread 0x00007fe2b51d9000 Thread exited: 0x00007fe2b51d9000


Dynamic libraries:
0x000000000731c000 	/System/Library/Frameworks/Cocoa.framework/Versions/A/Cocoa
0x000000000731c000 	/System/Library/Frameworks/Security.framework/Versions/A/Security
0x000000000731c000 	/System/Library/Frameworks/ApplicationServices.framework/Versions/A/ApplicationServices
0x000000000731c000 	/usr/lib/libz.1.dylib
0x000000000731c000 	/usr/lib/libSystem.B.dylib
0x000000000731c000 	/usr/lib/libobjc.A.dylib
0x000000000731c000 	/System/Library/Frameworks/CoreFoundation.framework/Versions/A/CoreFoundation
0x000000000731c000 	/System/Library/Frameworks/Foundation.framework/Versions/C/Foundation
0x000000000731c000 	/System/Library/Frameworks/AppKit.framework/Versions/C/AppKit
0x000000000731c000 	/System/Library/Frameworks/CoreData.framework/Versions/A/CoreData
0x000000000731c000 	/System/Library/PrivateFrameworks/RemoteViewServices.framework/Versions/A/RemoteViewServices
0x000000000731c000 	/System/Library/PrivateFrameworks/UIFoundation.framework/Versions/A/UIFoundation
0x000000000731c000 	/usr/lib/libScreenReader.dylib
0x000000000731c000 	/System/Library/Frameworks/Accelerate.framework/Versions/A/Accelerate
0x000000000731c000 	/System/Library/Frameworks/IOSurface.framework/Versions/A/IOSurface
0x000000000731c000 	/System/Library/Frameworks/AudioToolbox.framework/Versions/A/AudioToolbox
0x000000000731c000 	/System/Library/Frameworks/AudioUnit.framework/Versions/A/AudioUnit
0x000000000731c000 	/System/Library/PrivateFrameworks/DataDetectorsCore.framework/Versions/A/DataDetectorsCore
0x000000000731c000 	/System/Library/PrivateFrameworks/DesktopServicesPriv.framework/Versions/A/DesktopServicesPriv
0x000000000731c000 	/System/Library/Frameworks/Carbon.framework/Versions/A/Frameworks/HIToolbox.framework/Versions/A/HIToolbox
0x000000000731c000 	/System/Library/Frameworks/QuartzCore.framework/Versions/A/QuartzCore
0x000000000731c000 	/System/Library/Frameworks/Carbon.framework/Versions/A/Frameworks/SpeechRecognition.framework/Versions/A/SpeechRecognition
0x000000000731c000 	/usr/lib/libauto.dylib
0x000000000731c000 	/usr/lib/libicucore.A.dylib
0x000000000731c000 	/usr/lib/libxml2.2.dylib
0x000000000731c000 	/System/Library/PrivateFrameworks/CoreUI.framework/Versions/A/CoreUI
0x000000000731c000 	/System/Library/Frameworks/CoreAudio.framework/Versions/A/CoreAudio
0x000000000731c000 	/System/Library/Frameworks/DiskArbitration.framework/Versions/A/DiskArbitration
0x000000000731c000 	/usr/lib/liblangid.dylib
0x000000000731c000 	/System/Library/PrivateFrameworks/MultitouchSupport.framework/Versions/A/MultitouchSupport
0x000000000731c000 	/System/Library/Frameworks/IOKit.framework/Versions/A/IOKit
0x000000000731c000 	/usr/lib/libDiagnosticMessagesClient.dylib
0x000000000731c000 	/System/Library/Frameworks/CoreServices.framework/Versions/A/CoreServices
0x000000000731c000 	/System/Library/PrivateFrameworks/PerformanceAnalysis.framework/Versions/A/PerformanceAnalysis
0x000000000731c000 	/System/Library/PrivateFrameworks/GenerationalStorage.framework/Versions/A/GenerationalStorage
0x000000000731c000 	/System/Library/Frameworks/OpenGL.framework/Versions/A/OpenGL
0x000000000731c000 	/System/Library/PrivateFrameworks/Sharing.framework/Versions/A/Sharing
0x000000000731c000 	/System/Library/Frameworks/CoreGraphics.framework/Versions/A/CoreGraphics
0x000000000731c000 	/System/Library/Frameworks/CoreImage.framework/Versions/A/CoreImage
0x000000000731c000 	/System/Library/Frameworks/CoreText.framework/Versions/A/CoreText
0x000000000731c000 	/System/Library/Frameworks/ImageIO.framework/Versions/A/ImageIO
0x000000000731c000 	/System/Library/PrivateFrameworks/Backup.framework/Versions/A/Backup
0x000000000731c000 	/usr/lib/libextension.dylib
0x000000000731c000 	/usr/lib/libarchive.2.dylib
0x000000000731c000 	/System/Library/Frameworks/CFNetwork.framework/Versions/A/CFNetwork
0x000000000731c000 	/System/Library/Frameworks/SystemConfiguration.framework/Versions/A/SystemConfiguration
0x000000000731c000 	/usr/lib/libCRFSuite.dylib
0x000000000731c000 	/usr/lib/libc++.1.dylib
0x000000000731c000 	/usr/lib/libc++abi.dylib
0x000000000731c000 	/usr/lib/system/libcache.dylib
0x000000000731c000 	/usr/lib/system/libcommonCrypto.dylib
0x000000000731c000 	/usr/lib/system/libcompiler_rt.dylib
0x000000000731c000 	/usr/lib/system/libcopyfile.dylib
0x000000000731c000 	/usr/lib/system/libcorecrypto.dylib
0x000000000731c000 	/usr/lib/system/libdispatch.dylib
0x000000000731c000 	/usr/lib/system/libdyld.dylib
0x000000000731c000 	/usr/lib/system/libkeymgr.dylib
0x000000000731c000 	/usr/lib/system/liblaunch.dylib
0x000000000731c000 	/usr/lib/system/libmacho.dylib
0x000000000731c000 	/usr/lib/system/libquarantine.dylib
0x000000000731c000 	/usr/lib/system/libremovefile.dylib
0x000000000731c000 	/usr/lib/system/libsystem_asl.dylib
0x000000000731c000 	/usr/lib/system/libsystem_blocks.dylib
0x000000000731c000 	/usr/lib/system/libsystem_c.dylib
0x000000000731c000 	/usr/lib/system/libsystem_configuration.dylib
0x000000000731c000 	/usr/lib/system/libsystem_coreservices.dylib
0x000000000731c000 	/usr/lib/system/libsystem_coretls.dylib
0x000000000731c000 	/usr/lib/system/libsystem_dnssd.dylib
0x000000000731c000 	/usr/lib/system/libsystem_info.dylib
0x000000000731c000 	/usr/lib/system/libsystem_kernel.dylib
0x000000000731c000 	/usr/lib/system/libsystem_m.dylib
0x000000000731c000 	/usr/lib/system/libsystem_malloc.dylib
0x000000000731c000 	/usr/lib/system/libsystem_network.dylib
0x000000000731c000 	/usr/lib/system/libsystem_networkextension.dylib
0x000000000731c000 	/usr/lib/system/libsystem_notify.dylib
0x000000000731c000 	/usr/lib/system/libsystem_platform.dylib
0x000000000731c000 	/usr/lib/system/libsystem_pthread.dylib
0x000000000731c000 	/usr/lib/system/libsystem_sandbox.dylib
0x000000000731c000 	/usr/lib/system/libsystem_secinit.dylib
0x000000000731c000 	/usr/lib/system/libsystem_trace.dylib
0x000000000731c000 	/usr/lib/system/libunc.dylib
0x000000000731c000 	/usr/lib/system/libunwind.dylib
0x000000000731c000 	/usr/lib/system/libxpc.dylib
0x000000000731c000 	/usr/lib/libenergytrace.dylib
0x000000000731c000 	/usr/lib/libbsm.0.dylib
0x000000000731c000 	/usr/lib/system/libkxld.dylib
0x000000000731c000 	/usr/lib/libxar.1.dylib
0x000000000731c000 	/usr/lib/libsqlite3.dylib
0x000000000731c000 	/usr/lib/libpam.2.dylib
0x000000000731c000 	/usr/lib/libOpenScriptingUtil.dylib
0x000000000731c000 	/usr/lib/libbz2.1.0.dylib
0x000000000731c000 	/usr/lib/liblzma.5.dylib
0x000000000731c000 	/System/Library/Frameworks/CoreServices.framework/Versions/A/Frameworks/FSEvents.framework/Versions/A/FSEvents
0x000000000731c000 	/System/Library/Frameworks/CoreServices.framework/Versions/A/Frameworks/CarbonCore.framework/Versions/A/CarbonCore
0x000000000731c000 	/System/Library/Frameworks/CoreServices.framework/Versions/A/Frameworks/Metadata.framework/Versions/A/Metadata
0x000000000731c000 	/System/Library/Frameworks/CoreServices.framework/Versions/A/Frameworks/OSServices.framework/Versions/A/OSServices
0x000000000731c000 	/System/Library/Frameworks/CoreServices.framework/Versions/A/Frameworks/SearchKit.framework/Versions/A/SearchKit
0x000000000731c000 	/System/Library/Frameworks/CoreServices.framework/Versions/A/Frameworks/AE.framework/Versions/A/AE
0x000000000731c000 	/System/Library/Frameworks/CoreServices.framework/Versions/A/Frameworks/LaunchServices.framework/Versions/A/LaunchServices
0x000000000731c000 	/System/Library/Frameworks/CoreServices.framework/Versions/A/Frameworks/DictionaryServices.framework/Versions/A/DictionaryServices
0x000000000731c000 	/System/Library/Frameworks/CoreServices.framework/Versions/A/Frameworks/SharedFileList.framework/Versions/A/SharedFileList
0x000000000731c000 	/System/Library/Frameworks/NetFS.framework/Versions/A/NetFS
0x000000000731c000 	/System/Library/PrivateFrameworks/NetAuth.framework/Versions/A/NetAuth
0x000000000731c000 	/System/Library/PrivateFrameworks/login.framework/Versions/A/Frameworks/loginsupport.framework/Versions/A/loginsupport
0x000000000731c000 	/System/Library/PrivateFrameworks/TCC.framework/Versions/A/TCC
0x000000000731c000 	/usr/lib/libmecabra.dylib
0x000000000731c000 	/System/Library/Frameworks/ApplicationServices.framework/Versions/A/Frameworks/ATS.framework/Versions/A/ATS
0x000000000731c000 	/System/Library/Frameworks/ApplicationServices.framework/Versions/A/Frameworks/ColorSync.framework/Versions/A/ColorSync
0x000000000731c000 	/System/Library/Frameworks/ApplicationServices.framework/Versions/A/Frameworks/HIServices.framework/Versions/A/HIServices
0x000000000731c000 	/System/Library/Frameworks/ApplicationServices.framework/Versions/A/Frameworks/LangAnalysis.framework/Versions/A/LangAnalysis
0x000000000731c000 	/System/Library/Frameworks/ApplicationServices.framework/Versions/A/Frameworks/PrintCore.framework/Versions/A/PrintCore
0x000000000731c000 	/System/Library/Frameworks/ApplicationServices.framework/Versions/A/Frameworks/QD.framework/Versions/A/QD
0x000000000731c000 	/System/Library/Frameworks/ApplicationServices.framework/Versions/A/Frameworks/SpeechSynthesis.framework/Versions/A/SpeechSynthesis
0x000000000731c000 	/System/Library/Frameworks/Metal.framework/Versions/A/Metal
0x000000000731c000 	/System/Library/Frameworks/Accelerate.framework/Versions/A/Frameworks/vImage.framework/Versions/A/vImage
0x000000000731c000 	/System/Library/Frameworks/Accelerate.framework/Versions/A/Frameworks/vecLib.framework/Versions/A/vecLib
0x000000000731c000 	/System/Library/Frameworks/Accelerate.framework/Versions/A/Frameworks/vecLib.framework/Versions/A/libvDSP.dylib
0x000000000731c000 	/System/Library/Frameworks/Accelerate.framework/Versions/A/Frameworks/vecLib.framework/Versions/A/libvMisc.dylib
0x000000000731c000 	/System/Library/Frameworks/Accelerate.framework/Versions/A/Frameworks/vecLib.framework/Versions/A/libLAPACK.dylib
0x000000000731c000 	/System/Library/Frameworks/Accelerate.framework/Versions/A/Frameworks/vecLib.framework/Versions/A/libBLAS.dylib
0x000000000731c000 	/System/Library/Frameworks/Accelerate.framework/Versions/A/Frameworks/vecLib.framework/Versions/A/libLinearAlgebra.dylib
0x000000000731c000 	/System/Library/Frameworks/Accelerate.framework/Versions/A/Frameworks/vecLib.framework/Versions/A/libSparseBLAS.dylib
0x000000000731c000 	/System/Library/PrivateFrameworks/GPUCompiler.framework/libmetal_timestamp.dylib
0x000000000731c000 	/System/Library/Frameworks/OpenGL.framework/Versions/A/Libraries/libCoreFSCache.dylib
0x000000000731c000 	/System/Library/PrivateFrameworks/IOAccelerator.framework/Versions/A/IOAccelerator
0x000000000731c000 	/System/Library/Frameworks/ApplicationServices.framework/Versions/A/Frameworks/ATS.framework/Versions/A/Resources/libFontParser.dylib
0x000000000731c000 	/System/Library/Frameworks/ApplicationServices.framework/Versions/A/Frameworks/ATS.framework/Versions/A/Resources/libFontRegistry.dylib
0x000000000731c000 	/System/Library/PrivateFrameworks/AppleVPA.framework/Versions/A/AppleVPA
0x000000000731c000 	/System/Library/PrivateFrameworks/AppleJPEG.framework/Versions/A/AppleJPEG
0x000000000731c000 	/System/Library/Frameworks/ImageIO.framework/Versions/A/Resources/libJPEG.dylib
0x000000000731c000 	/System/Library/Frameworks/ImageIO.framework/Versions/A/Resources/libTIFF.dylib
0x000000000731c000 	/System/Library/Frameworks/ImageIO.framework/Versions/A/Resources/libPng.dylib
0x000000000731c000 	/System/Library/Frameworks/ImageIO.framework/Versions/A/Resources/libGIF.dylib
0x000000000731c000 	/System/Library/Frameworks/ImageIO.framework/Versions/A/Resources/libJP2.dylib
0x000000000731c000 	/System/Library/Frameworks/ImageIO.framework/Versions/A/Resources/libRadiance.dylib
0x000000000731c000 	/System/Library/Frameworks/CoreVideo.framework/Versions/A/CoreVideo
0x000000000731c000 	/System/Library/Frameworks/OpenGL.framework/Versions/A/Libraries/libGLU.dylib
0x000000000731c000 	/System/Library/Frameworks/OpenGL.framework/Versions/A/Libraries/libGFXShared.dylib
0x000000000731c000 	/System/Library/Frameworks/OpenGL.framework/Versions/A/Libraries/libGL.dylib
0x000000000731c000 	/System/Library/Frameworks/OpenGL.framework/Versions/A/Libraries/libGLImage.dylib
0x000000000731c000 	/System/Library/Frameworks/OpenGL.framework/Versions/A/Libraries/libCVMSPluginSupport.dylib
0x000000000731c000 	/System/Library/Frameworks/OpenGL.framework/Versions/A/Libraries/libCoreVMClient.dylib
0x000000000731c000 	/usr/lib/libcompression.dylib
0x000000000731c000 	/usr/lib/libcups.2.dylib
0x000000000731c000 	/System/Library/Frameworks/Kerberos.framework/Versions/A/Kerberos
0x000000000731c000 	/System/Library/Frameworks/GSS.framework/Versions/A/GSS
0x000000000731c000 	/usr/lib/libresolv.9.dylib
0x000000000731c000 	/usr/lib/libiconv.2.dylib
0x000000000731c000 	/System/Library/PrivateFrameworks/Heimdal.framework/Versions/A/Heimdal
0x000000000731c000 	/usr/lib/libheimdal-asn1.dylib
0x000000000731c000 	/System/Library/Frameworks/OpenDirectory.framework/Versions/A/OpenDirectory
0x000000000731c000 	/System/Library/PrivateFrameworks/CommonAuth.framework/Versions/A/CommonAuth
0x000000000731c000 	/System/Library/Frameworks/OpenDirectory.framework/Versions/A/Frameworks/CFOpenDirectory.framework/Versions/A/CFOpenDirectory
0x000000000731c000 	/System/Library/Frameworks/SecurityFoundation.framework/Versions/A/SecurityFoundation
0x000000000731c000 	/System/Library/PrivateFrameworks/LanguageModeling.framework/Versions/A/LanguageModeling
0x000000000731c000 	/usr/lib/libmarisa.dylib
0x000000000731c000 	/usr/lib/libChineseTokenizer.dylib
0x000000000731c000 	/usr/lib/libcmph.dylib
0x000000000731c000 	/System/Library/Frameworks/ServiceManagement.framework/Versions/A/ServiceManagement
0x000000000731c000 	/usr/lib/libxslt.1.dylib
0x000000000731c000 	/System/Library/Frameworks/Carbon.framework/Versions/A/Frameworks/Ink.framework/Versions/A/Ink
0x000000000731c000 	/usr/lib/libFosl_dynamic.dylib
0x000000000731c000 	/System/Library/PrivateFrameworks/FaceCore.framework/Versions/A/FaceCore
0x000000000731c000 	/System/Library/Frameworks/OpenCL.framework/Versions/A/OpenCL
0x000000000731c000 	/System/Library/PrivateFrameworks/CrashReporterSupport.framework/Versions/A/CrashReporterSupport
0x000000000731c000 	/System/Library/PrivateFrameworks/IconServices.framework/Versions/A/IconServices
0x000000000731c000 	/System/Library/PrivateFrameworks/Apple80211.framework/Versions/A/Apple80211
0x000000000731c000 	/System/Library/Frameworks/CoreWLAN.framework/Versions/A/CoreWLAN
0x000000000731c000 	/System/Library/Frameworks/IOBluetooth.framework/Versions/A/IOBluetooth
0x000000000731c000 	/System/Library/PrivateFrameworks/CoreWiFi.framework/Versions/A/CoreWiFi
0x000000000731c000 	/System/Library/Frameworks/CoreBluetooth.framework/Versions/A/CoreBluetooth
0x000000000731c000 	/System/Library/PrivateFrameworks/ChunkingLibrary.framework/Versions/A/ChunkingLibrary
0x000000000731c000 	/System/Library/PrivateFrameworks/DebugSymbols.framework/Versions/A/DebugSymbols
0x000000000731c000 	/System/Library/PrivateFrameworks/CoreSymbolication.framework/Versions/A/CoreSymbolication
0x000000000731c000 	/System/Library/PrivateFrameworks/Symbolication.framework/Versions/A/Symbolication
0x000000000731c000 	/System/Library/PrivateFrameworks/SpeechRecognitionCore.framework/Versions/A/SpeechRecognitionCore
0x000000010c000000 	/Library/Java/JavaVirtualMachines/jdk1.8.0_92.jdk/Contents/Home/jre/lib/server/libjvm.dylib
0x000000000731c000 	/usr/lib/libstdc++.6.dylib
0x000000010b62a000 	/Library/Java/JavaVirtualMachines/jdk1.8.0_92.jdk/Contents/Home/jre/lib/libverify.dylib
0x000000010b638000 	/Library/Java/JavaVirtualMachines/jdk1.8.0_92.jdk/Contents/Home/jre/lib/libjava.dylib
0x000000010b677000 	/Library/Java/JavaVirtualMachines/jdk1.8.0_92.jdk/Contents/Home/jre/lib/libzip.dylib
0x0000000124ced000 	/System/Library/Frameworks/JavaVM.framework/Frameworks/JavaRuntimeSupport.framework/JavaRuntimeSupport
0x0000000124d08000 	/System/Library/Frameworks/JavaVM.framework/Versions/A/Frameworks/JavaNativeFoundation.framework/Versions/A/JavaNativeFoundation
0x0000000124d1d000 	/System/Library/Frameworks/JavaVM.framework/Versions/A/JavaVM
0x000000000731c000 	/System/Library/Frameworks/Carbon.framework/Versions/A/Carbon
0x0000000124d2a000 	/System/Library/PrivateFrameworks/JavaLaunching.framework/Versions/A/JavaLaunching
0x000000000731c000 	/System/Library/Frameworks/Carbon.framework/Versions/A/Frameworks/CommonPanels.framework/Versions/A/CommonPanels
0x000000000731c000 	/System/Library/Frameworks/Carbon.framework/Versions/A/Frameworks/Help.framework/Versions/A/Help
0x000000000731c000 	/System/Library/Frameworks/Carbon.framework/Versions/A/Frameworks/ImageCapture.framework/Versions/A/ImageCapture
0x000000000731c000 	/System/Library/Frameworks/Carbon.framework/Versions/A/Frameworks/OpenScripting.framework/Versions/A/OpenScripting
0x000000000731c000 	/System/Library/Frameworks/Carbon.framework/Versions/A/Frameworks/Print.framework/Versions/A/Print
0x000000000731c000 	/System/Library/Frameworks/Carbon.framework/Versions/A/Frameworks/SecurityHI.framework/Versions/A/SecurityHI
0x00000001266df000 	/Library/Java/JavaVirtualMachines/jdk1.8.0_92.jdk/Contents/Home/jre/lib/libprism_es2.dylib
0x000000000731c000 	/System/Library/Frameworks/OpenGL.framework/Versions/A/Resources/GLEngine.bundle/GLEngine
0x000000000731c000 	/System/Library/Frameworks/OpenGL.framework/Versions/A/Libraries/libGLProgrammability.dylib
0x000000000731c000 	/System/Library/Extensions/GeForceGLDriver.bundle/Contents/MacOS/GeForceGLDriver
0x000000000731c000 	/System/Library/Extensions/GeForceGLDriver.bundle/Contents/MacOS/libclh.dylib
0x000000000731c000 	/System/Library/PrivateFrameworks/GPUSupport.framework/Versions/A/Libraries/libGPUSupportMercury.dylib
0x000000000731c000 	/System/Library/Frameworks/OpenGL.framework/Versions/A/Resources/GLRendererFloat.bundle/GLRendererFloat
0x000000000731c000 	/System/Library/Frameworks/OpenCL.framework/Versions/A/Libraries/libcldcpuengine.dylib
0x000000000731c000 	/System/Library/PrivateFrameworks/DiskImages.framework/Versions/A/DiskImages
0x000000000731c000 	/System/Library/Frameworks/DiscRecording.framework/Versions/A/DiscRecording
0x000000000731c000 	/usr/lib/libcsfde.dylib
0x000000000731c000 	/usr/lib/libcurl.4.dylib
0x000000000731c000 	/System/Library/PrivateFrameworks/MediaKit.framework/Versions/A/MediaKit
0x000000000731c000 	/System/Library/PrivateFrameworks/ProtectedCloudStorage.framework/Versions/A/ProtectedCloudStorage
0x000000000731c000 	/usr/lib/libCoreStorage.dylib
0x000000000731c000 	/System/Library/PrivateFrameworks/EFILogin.framework/Versions/A/EFILogin
0x000000000731c000 	/usr/lib/libutil.dylib
0x000000000731c000 	/System/Library/PrivateFrameworks/FindMyDevice.framework/Versions/A/FindMyDevice
0x000000000731c000 	/System/Library/Frameworks/LDAP.framework/Versions/A/LDAP
0x000000000731c000 	/usr/lib/libsasl2.2.dylib
0x000000000731c000 	/System/Library/PrivateFrameworks/CoreDaemon.framework/Versions/B/CoreDaemon
0x000000000731c000 	/usr/lib/libcrypto.0.9.8.dylib
0x000000000731c000 	/System/Library/PrivateFrameworks/AppleSRP.framework/Versions/A/AppleSRP
0x000000000731c000 	/System/Library/PrivateFrameworks/TrustEvaluationAgent.framework/Versions/A/TrustEvaluationAgent
0x00000001269c7000 	/Library/Java/JavaVirtualMachines/jdk1.8.0_92.jdk/Contents/Home/jre/lib/libglass.dylib
0x000000000731c000 	/System/Library/PrivateFrameworks/CoreServicesInternal.framework/Versions/A/CoreServicesInternal
0x000000000731c000 	/System/Library/CoreServices/RawCamera.bundle/Contents/MacOS/RawCamera
0x000000000731c000 	/System/Library/Frameworks/CoreGraphics.framework/Versions/A/Resources/libRIP.A.dylib
0x000000000731c000 	/System/Library/Frameworks/Accelerate.framework/Versions/A/Frameworks/vImage.framework/Versions/A/Libraries/libCGInterfaces.dylib
0x000000000731c000 	/System/Library/PrivateFrameworks/FamilyControls.framework/Versions/A/FamilyControls
0x000000000731c000 	/System/Library/PrivateFrameworks/CommerceKit.framework/Versions/A/Frameworks/CommerceCore.framework/Versions/A/CommerceCore
0x000000000731c000 	/System/Library/PrivateFrameworks/SystemAdministration.framework/Versions/A/SystemAdministration
0x000000000731c000 	/System/Library/PrivateFrameworks/AppContainer.framework/Versions/A/AppContainer
0x000000000731c000 	/System/Library/PrivateFrameworks/SecCodeWrapper.framework/Versions/A/SecCodeWrapper
0x000000000731c000 	/System/Library/Frameworks/DirectoryService.framework/Versions/A/DirectoryService
0x000000000731c000 	/System/Library/PrivateFrameworks/LoginUIKit.framework/Versions/A/Frameworks/LoginUICore.framework/Versions/A/LoginUICore
0x000000000731c000 	/usr/lib/libodfde.dylib
0x0000000129f01000 	/Library/Java/JavaVirtualMachines/jdk1.8.0_92.jdk/Contents/Home/jre/lib/libjavafx_font.dylib
0x000000000731c000 	/System/Library/Frameworks/CoreGraphics.framework/Versions/A/Resources/libCGXType.A.dylib
0x000000012a586000 	/Library/Java/JavaVirtualMachines/jdk1.8.0_92.jdk/Contents/Home/jre/lib/libawt.dylib
0x000000012a62e000 	/Library/Java/JavaVirtualMachines/jdk1.8.0_92.jdk/Contents/Home/jre/lib/./libmlib_image.dylib
0x000000012a6fa000 	/Library/Java/JavaVirtualMachines/jdk1.8.0_92.jdk/Contents/Home/jre/lib/libawt_lwawt.dylib
0x000000012a7af000 	/Library/Java/JavaVirtualMachines/jdk1.8.0_92.jdk/Contents/Home/jre/lib/./libosxapp.dylib
0x000000000731c000 	/System/Library/Frameworks/ExceptionHandling.framework/Versions/A/ExceptionHandling
0x000000012b21f000 	/Library/Java/JavaVirtualMachines/jdk1.8.0_92.jdk/Contents/Home/jre/lib/libnet.dylib
0x000000012b236000 	/Library/Java/JavaVirtualMachines/jdk1.8.0_92.jdk/Contents/Home/jre/lib/libnio.dylib
0x000000012b2ed000 	/Library/Java/JavaVirtualMachines/jdk1.8.0_92.jdk/Contents/Home/jre/lib/libfontmanager.dylib
0x000000012e425000 	/Library/Java/JavaVirtualMachines/jdk1.8.0_92.jdk/Contents/Home/jre/lib/libprism_common.dylib
0x000000012e445000 	cl_kernels
0x000000000731c000 	/System/Library/Frameworks/OpenCL.framework/Versions/A/Libraries/ImageFormats/unorm8_bgra.dylib
0x000000000731c000 	/System/Library/Frameworks/OpenCL.framework/Versions/A/Libraries/ImageFormats/unorm8_rgba.dylib
0x000000012faf0000 	/System/Library/Extensions/GeForceMTLDriver.bundle/Contents/MacOS/GeForceMTLDriver
0x00000001303cd000 	/Library/Java/JavaVirtualMachines/jdk1.8.0_92.jdk/Contents/Home/jre/lib/libosxui.dylib
0x000000000731c000 	/System/Library/Frameworks/ApplicationServices.framework/Versions/A/Frameworks/ATS.framework/Versions/A/Resources/libTrueTypeScaler.dylib
0x0000000183ec6000 	/Library/Java/JavaVirtualMachines/jdk1.8.0_92.jdk/Contents/Home/jre/lib/libdcpr.dylib

VM Arguments:
jvm_args: -Dfile.encoding=UTF-8 
java_command: application.Main
java_class_path (initial): /Users/milan/Documents/workspace/FoobsGUI/target/classes:/Users/milan/Desktop/Eclipse.app/Contents/Eclipse/plugins/org.eclipse.fx.ide.css.jfx8_2.4.0.201605112122.jar:/Users/milan/.m2/repository/org/geotools/gt-shapefile/20-SNAPSHOT/gt-shapefile-20-SNAPSHOT.jar:/Users/milan/.m2/repository/org/geotools/gt-data/20-SNAPSHOT/gt-data-20-SNAPSHOT.jar:/Users/milan/.m2/repository/org/geotools/gt-main/20-SNAPSHOT/gt-main-20-SNAPSHOT.jar:/Users/milan/.m2/repository/org/geotools/gt-api/20-SNAPSHOT/gt-api-20-SNAPSHOT.jar:/Users/milan/.m2/repository/com/vividsolutions/jts-core/1.14.0/jts-core-1.14.0.jar:/Users/milan/.m2/repository/org/jdom/jdom2/2.0.6/jdom2-2.0.6.jar:/Users/milan/.m2/repository/javax/media/jai_core/1.1.3/jai_core-1.1.3.jar:/Users/milan/.m2/repository/org/geotools/gt-swing/20-SNAPSHOT/gt-swing-20-SNAPSHOT.jar:/Users/milan/.m2/repository/org/geotools/gt-referencing/20-SNAPSHOT/gt-referencing-20-SNAPSHOT.jar:/Users/milan/.m2/repository/org/ejml/ejml-ddense/0.32/ejml-ddense-0.32.jar:/Users/milan/.m2/repository/org/ejml/ejml-core/0.32/ejml-core-0.32.jar:/Users/milan/.m2/repository/commons-pool/commons-pool/1.5.4/commons-pool-1.5.4.jar:/Users/milan/.m2/repository/org/geotools/gt-metadata/20-SNAPSHOT/gt-metadata-20-SNAPSHOT.jar:/Users/milan/.m2/repository/org/geotools/gt-opengis/20-SNAPSHOT/gt-opengis-20-SNAPSHOT.jar:/Users/milan/.m2/repository/net/java/dev/jsr-275/jsr-275/1.0-beta-2/jsr-275-1.0-beta-2.jar:/Users/milan/.m2/repository/jgridshift/jgridshift/1.0/jgridshift-1.0.jar:/Users/milan/.m2/repository/net/sf/geographiclib/GeographicLib-Java/1.44/GeographicLib-Java-1.44.jar:/Users/milan/.m2/repository/org/geotools/gt-render/20-SNAPSHOT/gt-render-20-SNAPSHOT.jar:/Users/milan/.m2/repository/org/geotools/gt-coverage/20-SNAPSHOT/gt-coverage-20-SNAPSHOT.jar:/Users/milan/.m2/repository/javax/media/jai_imageio/1.1/jai_imageio-1.1.jar:/Users/milan/.m2/repository/it/geosolutions/imageio-ext/imageio-ext-tiff/1.1.20/imageio-ext-tiff-1.1.20.jar:/User
Launcher Type: SUN_STANDARD

Environment Variables:
PATH=/usr/bin:/bin:/usr/sbin:/sbin
SHELL=/bin/bash
DISPLAY=/private/tmp/com.apple.launchd.40dN6tHYkV/org.macosforge.xquartz:0

Signal Handlers:
SIGSEGV: [libjvm.dylib+0x5aa779], sa_mask[0]=11111111011111110111111111111111, sa_flags=SA_ONSTACK|SA_RESTART|SA_SIGINFO
SIGBUS: [libjvm.dylib+0x5aa779], sa_mask[0]=11111111011111110111111111111111, sa_flags=SA_RESTART|SA_SIGINFO
SIGFPE: [libjvm.dylib+0x4831d0], sa_mask[0]=11111111011111110111111111111111, sa_flags=SA_RESTART|SA_SIGINFO
SIGPIPE: [libjvm.dylib+0x4831d0], sa_mask[0]=11111111011111110111111111111111, sa_flags=SA_RESTART|SA_SIGINFO
SIGXFSZ: [libjvm.dylib+0x4831d0], sa_mask[0]=11111111011111110111111111111111, sa_flags=SA_RESTART|SA_SIGINFO
SIGILL: [libjvm.dylib+0x4831d0], sa_mask[0]=11111111011111110111111111111111, sa_flags=SA_RESTART|SA_SIGINFO
SIGUSR1: SIG_DFL, sa_mask[0]=00000000000000000000000000000000, sa_flags=none
SIGUSR2: [libjvm.dylib+0x482cee], sa_mask[0]=00100000000000000000000000000000, sa_flags=SA_RESTART|SA_SIGINFO
SIGHUP: [libjvm.dylib+0x4812c5], sa_mask[0]=11111111011111110111111111111111, sa_flags=SA_RESTART|SA_SIGINFO
SIGINT: [libjvm.dylib+0x4812c5], sa_mask[0]=11111111011111110111111111111111, sa_flags=SA_RESTART|SA_SIGINFO
SIGTERM: [libjvm.dylib+0x4812c5], sa_mask[0]=11111111011111110111111111111111, sa_flags=SA_RESTART|SA_SIGINFO
SIGQUIT: [libjvm.dylib+0x4812c5], sa_mask[0]=11111111011111110111111111111111, sa_flags=SA_RESTART|SA_SIGINFO


---------------  S Y S T E M  ---------------

OS:Bsduname:Darwin 15.6.0 Darwin Kernel Version 15.6.0: Mon Nov 13 21:58:35 PST 2017; root:xnu-3248.72.11~1/RELEASE_X86_64 x86_64
rlimit: STACK 8192k, CORE 0k, NPROC 709, NOFILE 10240, AS infinity
load average:2.69 2.57 2.66

CPU:total 4 (4 cores per cpu, 1 threads per core) family 6 model 60 stepping 3, cmov, cx8, fxsr, mmx, sse, sse2, sse3, ssse3, sse4.1, sse4.2, popcnt, avx, avx2, aes, clmul, erms, rtm, lzcnt, tsc, tscinvbit, bmi1, bmi2

Memory: 4k page, physical 12582912k(41580k free)

/proc/meminfo:


vm_info: Java HotSpot(TM) 64-Bit Server VM (25.92-b14) for bsd-amd64 JRE (1.8.0_92-b14), built on Mar 31 2016 21:23:14 by "java_re" with gcc 4.2.1 (Based on Apple Inc. build 5658) (LLVM build 2336.11.00)

time: Wed Mar 14 10:53:51 2018
elapsed time: 16 seconds (0d 0h 0m 16s)

